d:\projects\framelesswindow\framelesswindow\debug\cmainwindow.obj
d:\projects\framelesswindow\framelesswindow\debug\moc_cmainwindow.obj
d:\projects\framelesswindow\framelesswindow\debug\qrc_cmainwindow.obj
d:\projects\framelesswindow\framelesswindow\debug\main.obj
d:\projects\framelesswindow\framelesswindow\debug\cframelesswindow.obj
d:\projects\framelesswindow\framelesswindow\debug\moc_cframelesswindow.obj
d:\projects\framelesswindow\framelesswindow\debug\vc120.pdb
d:\projects\framelesswindow\framelesswindow\debug\moc_arrowwidget.obj
d:\projects\framelesswindow\framelesswindow\debug\arrowwidget.obj
d:\projects\framelesswindow\framelesswindow\debug\cpopupwidget.obj
d:\projects\framelesswindow\framelesswindow\debug\carrowpushbutton.obj
d:\projects\framelesswindow\framelesswindow\debug\moc_carrowpushbutton.obj
d:\projects\framelesswindow\framelesswindow\debug\csidetabwidget.obj
d:\projects\framelesswindow\framelesswindow\generatedfiles\debug\moc_cmainwindow.cpp
d:\projects\framelesswindow\framelesswindow\generatedfiles\debug\moc_cframelesswindow.cpp
d:\projects\framelesswindow\framelesswindow\generatedfiles\qrc_cmainwindow.cpp
d:\projects\framelesswindow\framelesswindow\generatedfiles\ui_cmainwindow.h
d:\projects\framelesswindow\framelesswindow\generatedfiles\debug\moc_arrowwidget.cpp
d:\projects\framelesswindow\framelesswindow\generatedfiles\debug\moc_carrowpushbutton.cpp
d:\projects\framelesswindow\win32\debug\framelesswindow.ilk
d:\projects\framelesswindow\win32\debug\framelesswindow.exe
d:\projects\framelesswindow\win32\debug\framelesswindow.pdb
d:\projects\framelesswindow\framelesswindow\.\generatedfiles\debug\moc_cmainwindow.cpp
d:\projects\framelesswindow\framelesswindow\.\generatedfiles\debug\moc_cframelesswindow.cpp
d:\projects\framelesswindow\framelesswindow\.\generatedfiles\debug\moc_carrowpushbutton.cpp
d:\projects\framelesswindow\framelesswindow\.\generatedfiles\debug\moc_arrowwidget.cpp
d:\projects\framelesswindow\framelesswindow\.\generatedfiles\qrc_cmainwindow.cpp
d:\projects\framelesswindow\framelesswindow\.\generatedfiles\ui_cmainwindow.h
d:\projects\framelesswindow\framelesswindow\debug\framelesswindow.tlog\cl.command.1.tlog
d:\projects\framelesswindow\framelesswindow\debug\framelesswindow.tlog\cl.read.1.tlog
d:\projects\framelesswindow\framelesswindow\debug\framelesswindow.tlog\cl.write.1.tlog
d:\projects\framelesswindow\framelesswindow\debug\framelesswindow.tlog\framelesswindow.write.1u.tlog
d:\projects\framelesswindow\framelesswindow\debug\framelesswindow.tlog\link.command.1.tlog
d:\projects\framelesswindow\framelesswindow\debug\framelesswindow.tlog\link.read.1.tlog
d:\projects\framelesswindow\framelesswindow\debug\framelesswindow.tlog\link.write.1.tlog
d:\projects\framelesswindow\framelesswindow\debug\framelesswindow.tlog\qtmoc.read.1u.tlog
d:\projects\framelesswindow\framelesswindow\debug\framelesswindow.tlog\qtmoc.write.1u.tlog
d:\projects\framelesswindow\framelesswindow\debug\framelesswindow.tlog\qtrcc.read.1u.tlog
d:\projects\framelesswindow\framelesswindow\debug\framelesswindow.tlog\qtrcc.write.1u.tlog
d:\projects\framelesswindow\framelesswindow\debug\framelesswindow.tlog\qtuic.read.1u.tlog
d:\projects\framelesswindow\framelesswindow\debug\framelesswindow.tlog\qtuic.write.1u.tlog
